\BOOKMARK [1][-]{section.1}{\376\377\000P\000r\000e\000l\000i\000m\000i\000n\000a\000r\000i\000e\000s}{}% 1
\BOOKMARK [1][-]{section.2}{\376\377\000C\000o\000m\000p\000o\000s\000i\000t\000i\000o\000n\000a\000l\000i\000t\000y\000\040\000o\000f\000\040\000S\000e\000c\000u\000r\000e\000\040\000C\000o\000m\000p\000i\000l\000e\000r\000s}{}% 2
\BOOKMARK [1][-]{section.3}{\376\377\000C\000o\000m\000p\000o\000s\000i\000t\000i\000o\000n\000\040\000o\000f\000\040\000P\000r\000e\000v\000i\000o\000u\000s\000\040\000R\000e\000s\000u\000l\000t\000s}{}% 3
\BOOKMARK [1][-]{section.4}{\376\377\000C\000a\000s\000e\000\040\000S\000t\000u\000d\000y}{}% 4
\BOOKMARK [2][-]{subsection.4.1}{\376\377\000S\000p\000e\000c\000i\000f\000i\000c\000a\000t\000i\000o\000n\000\040\000L\000a\000n\000g\000u\000a\000g\000e}{section.4}% 5
\BOOKMARK [3][-]{subsubsection.4.1.1}{\376\377\000*\000t\000m\000s\000\040\000M\000o\000n\000i\000t\000o\000r}{subsection.4.1}% 6
\BOOKMARK [3][-]{subsubsection.4.1.2}{\376\377\000*\000s\000m\000s\000\040\000M\000o\000n\000i\000t\000o\000r}{subsection.4.1}% 7
\BOOKMARK [3][-]{subsubsection.4.1.3}{\376\377\000*\000m\000s\000\040\000M\000o\000n\000i\000t\000o\000r}{subsection.4.1}% 8
\BOOKMARK [3][-]{subsubsection.4.1.4}{\376\377\000*\000s\000c\000c\000t\000\040\000M\000o\000n\000i\000t\000o\000r}{subsection.4.1}% 9
\BOOKMARK [3][-]{subsubsection.4.1.5}{\376\377\000*\000s\000s\000\040\000M\000o\000n\000i\000t\000o\000r}{subsection.4.1}% 10
\BOOKMARK [2][-]{subsection.4.2}{\376\377\000S\000o\000u\000r\000c\000e\000\040\000L\000a\000n\000g\000u\000a\000g\000e}{section.4}% 11
\BOOKMARK [3][-]{subsubsection.4.2.1}{\376\377\000S\000y\000n\000t\000a\000x}{subsection.4.2}% 12
\BOOKMARK [3][-]{subsubsection.4.2.2}{\376\377\000S\000t\000a\000t\000i\000c\000\040\000S\000e\000m\000a\000n\000t\000i\000c\000s}{subsection.4.2}% 13
\BOOKMARK [3][-]{subsubsection.4.2.3}{\376\377\000D\000y\000n\000a\000m\000i\000c\000\040\000S\000e\000m\000a\000n\000t\000i\000c\000s}{subsection.4.2}% 14
\BOOKMARK [3][-]{subsubsection.4.2.4}{\376\377\000T\000r\000a\000n\000s\000l\000a\000t\000i\000o\000n\000\040\000t\000o\000\040\000S\000p\000e\000c\000i\000f\000i\000c\000a\000t\000i\000o\000n\000\040\000E\000v\000e\000n\000t\000s}{subsection.4.2}% 15
\BOOKMARK [3][-]{subsubsection.4.2.5}{\376\377\000A\000u\000x\000i\000l\000i\000a\000r\000y\000\040\000D\000e\000f\000i\000n\000i\000t\000i\000o\000n\000s\000\040\000a\000n\000d\000\040\000L\000e\000m\000m\000a\000s}{subsection.4.2}% 16
\BOOKMARK [2][-]{subsection.4.3}{\376\377\000T\000a\000r\000g\000e\000t\000\040\000L\000a\000n\000g\000u\000a\000g\000e}{section.4}% 17
\BOOKMARK [3][-]{subsubsection.4.3.1}{\376\377\000S\000y\000n\000t\000a\000x}{subsection.4.3}% 18
\BOOKMARK [3][-]{subsubsection.4.3.2}{\376\377\000D\000y\000n\000a\000m\000i\000c\000\040\000S\000e\000m\000a\000n\000t\000i\000c\000s}{subsection.4.3}% 19
\BOOKMARK [3][-]{subsubsection.4.3.3}{\376\377\000P\000r\000o\000o\000f\000s\000\040\000a\000n\000d\000\040\000A\000u\000x\000i\000l\000i\000a\000r\000y\000\040\000L\000e\000m\000m\000a\000s}{subsection.4.3}% 20
\BOOKMARK [2][-]{subsection.4.4}{\376\377\000R\000o\000b\000u\000s\000t\000\040\000*\000t\000m\000s\000\040\000P\000r\000e\000s\000e\000r\000v\000i\000n\000g\000\040\000C\000o\000m\000p\000i\000l\000e\000r}{section.4}% 21
\BOOKMARK [3][-]{subsubsection.4.4.1}{\376\377\000C\000o\000m\000p\000i\000l\000e\000r}{subsection.4.4}% 22
\BOOKMARK [3][-]{subsubsection.4.4.2}{\376\377\000T\000r\000a\000c\000e\000-\000b\000a\000s\000e\000d\000\040\000B\000a\000c\000k\000t\000r\000a\000n\000s\000l\000a\000t\000i\000o\000n}{subsection.4.4}% 23
\BOOKMARK [3][-]{subsubsection.4.4.3}{\376\377\000P\000r\000o\000o\000f\000s\000\040\000a\000n\000d\000\040\000A\000u\000x\000i\000l\000i\000a\000r\000y\000\040\000L\000e\000m\000m\000a\000s}{subsection.4.4}% 24
\BOOKMARK [2][-]{subsection.4.5}{\376\377\000R\000o\000b\000u\000s\000t\000\040\000S\000M\000S\000\040\000P\000r\000e\000s\000e\000r\000v\000i\000n\000g\000\040\000C\000o\000m\000p\000i\000l\000e\000r}{section.4}% 25
\BOOKMARK [3][-]{subsubsection.4.5.1}{\376\377\000T\000r\000a\000n\000s\000l\000a\000t\000i\000o\000n\000\040\000t\000o\000\040\000S\000p\000e\000c\000i\000f\000i\000c\000a\000t\000i\000o\000n\000\040\000E\000v\000e\000n\000t\000s}{subsection.4.5}% 26
\BOOKMARK [3][-]{subsubsection.4.5.2}{\376\377\000C\000o\000m\000p\000i\000l\000e\000r}{subsection.4.5}% 27
\BOOKMARK [2][-]{subsection.4.6}{\376\377\000O\000p\000t\000i\000m\000i\000s\000i\000n\000g\000\040\000P\000a\000s\000s\000e\000s}{section.4}% 28
\BOOKMARK [3][-]{subsubsection.4.6.1}{\376\377\000D\000C\000E}{subsection.4.6}% 29
\BOOKMARK [3][-]{subsubsection.4.6.2}{\376\377\000C\000F}{subsection.4.6}% 30
\BOOKMARK [2][-]{subsection.4.7}{\376\377\000O\000b\000j\000e\000c\000t\000\040\000L\000a\000n\000g\000u\000a\000g\000e}{section.4}% 31
\BOOKMARK [3][-]{subsubsection.4.7.1}{\376\377\000D\000y\000n\000a\000m\000i\000c\000\040\000S\000e\000m\000a\000n\000t\000i\000c\000s}{subsection.4.7}% 32
\BOOKMARK [3][-]{subsubsection.4.7.2}{\376\377\000T\000r\000a\000n\000s\000l\000a\000t\000i\000o\000n\000\040\000t\000o\000\040\000S\000p\000e\000c\000i\000f\000i\000c\000a\000t\000i\000o\000n\000\040\000E\000v\000e\000n\000t\000s}{subsection.4.7}% 33
\BOOKMARK [2][-]{subsection.4.8}{\376\377\000R\000o\000b\000u\000s\000t\000l\000y\000\040\000P\000r\000e\000s\000e\000r\000v\000i\000n\000g\000\040\000s\000C\000C\000T}{section.4}% 34
\BOOKMARK [3][-]{subsubsection.4.8.1}{\376\377\000C\000o\000m\000p\000i\000l\000e\000r}{subsection.4.8}% 35
\BOOKMARK [3][-]{subsubsection.4.8.2}{\376\377\000P\000r\000o\000o\000f\000s\000\040\000a\000n\000d\000\040\000A\000u\000x\000i\000l\000i\000a\000r\000y\000\040\000L\000e\000m\000m\000a\000s}{subsection.4.8}% 36
\BOOKMARK [3][-]{subsubsection.4.8.3}{\376\377\000B\000a\000c\000k\000t\000r\000a\000n\000s\000l\000a\000t\000i\000o\000n}{subsection.4.8}% 37
\BOOKMARK [2][-]{subsection.4.9}{\376\377\000L\000o\000w\000-\000L\000e\000v\000e\000l\000\040\000L\000a\000n\000g\000u\000a\000g\000e}{section.4}% 38
\BOOKMARK [3][-]{subsubsection.4.9.1}{\376\377\000D\000y\000n\000a\000m\000i\000c\000\040\000S\000e\000m\000a\000n\000t\000i\000c\000s}{subsection.4.9}% 39
\BOOKMARK [2][-]{subsection.4.10}{\376\377\000R\000o\000b\000u\000s\000t\000l\000y\000\040\000P\000r\000e\000s\000e\000r\000v\000i\000n\000g\000\040\000s\000p\000e\000c}{section.4}% 40
\BOOKMARK [3][-]{subsubsection.4.10.1}{\376\377\000C\000o\000m\000p\000i\000l\000e\000r}{subsection.4.10}% 41
